<?xml version="1.0" encoding="UTF-8"?>
<!-- Generated by org.testng.reporters.JUnitXMLReporter -->
<testsuite ignored="0" hostname="LPBLPF2TJJ7D" failures="0" tests="3" name="All Tests" time="31.562" errors="0" timestamp="2025-07-09T12:43:14 IST">
  <testcase classname="com.charitableimpact.EditTest" name="testEdit" time="0.014"/>
  <testcase classname="com.charitableimpact.Edit_89ebbTest" name="testEdit_89ebb" time="0.001"/>
  <testcase classname="com.charitableimpact.Edit_de4beTest" name="testEdit_de4be" time="0.001"/>
</testsuite> <!-- All Tests -->
