<?xml version="1.0" encoding="UTF-8"?>
<testng-results ignored="0" total="1" passed="1" failed="0" skipped="0">
  <reporter-output>
  </reporter-output>
  <suite started-at="2025-07-04T11:45:20 IST" name="Test Suite" finished-at="2025-07-04T11:45:22 IST" duration-ms="2080">
    <groups>
    </groups>
    <test started-at="2025-07-04T11:45:20 IST" name="All Tests" finished-at="2025-07-04T11:45:22 IST" duration-ms="2080">
      <class name="com.charitableimpact.TestTest">
        <test-method is-config="true" signature="setup()[pri:0, instance:com.charitableimpact.TestTest@4145bad8]" started-at="2025-07-04T11:45:20 IST" name="setup" finished-at="2025-07-04T11:45:22 IST" duration-ms="1744" status="PASS">
          <reporter-output>
          </reporter-output>
        </test-method> <!-- setup -->
        <test-method signature="testTest()[pri:0, instance:com.charitableimpact.TestTest@4145bad8]" started-at="2025-07-04T11:45:22 IST" name="testTest" finished-at="2025-07-04T11:45:22 IST" duration-ms="10" status="PASS">
          <reporter-output>
          </reporter-output>
        </test-method> <!-- testTest -->
        <test-method is-config="true" signature="teardown()[pri:0, instance:com.charitableimpact.TestTest@4145bad8]" started-at="2025-07-04T11:45:22 IST" name="teardown" finished-at="2025-07-04T11:45:22 IST" duration-ms="297" status="PASS">
          <reporter-output>
          </reporter-output>
        </test-method> <!-- teardown -->
      </class> <!-- com.charitableimpact.TestTest -->
    </test> <!-- All Tests -->
  </suite> <!-- Test Suite -->
</testng-results>
