<?xml version="1.0" encoding="UTF-8"?>
<testng-results ignored="0" total="8" passed="7" failed="1" skipped="0">
  <reporter-output>
  </reporter-output>
  <suite started-at="2025-07-18T17:02:17 IST" name="Test Suite" finished-at="2025-07-18T17:02:37 IST" duration-ms="20225">
    <groups>
    </groups>
    <test started-at="2025-07-18T17:02:17 IST" name="All Tests" finished-at="2025-07-18T17:02:37 IST" duration-ms="20225">
      <class name="com.charitableimpact.DashboardTest">
        <test-method is-config="true" signature="setup()[pri:0, instance:com.charitableimpact.DashboardTest@2cf3d63b]" started-at="2025-07-18T17:02:25 IST" name="setup" finished-at="2025-07-18T17:02:25 IST" duration-ms="670" status="PASS">
          <reporter-output>
          </reporter-output>
        </test-method> <!-- setup -->
        <test-method signature="dashboardTest1()[pri:0, instance:com.charitableimpact.DashboardTest@2cf3d63b]" started-at="2025-07-18T17:02:25 IST" name="dashboardTest1" finished-at="2025-07-18T17:02:32 IST" duration-ms="6731" status="PASS">
          <reporter-output>
          </reporter-output>
        </test-method> <!-- dashboardTest1 -->
        <test-method signature="dashboardTest2()[pri:0, instance:com.charitableimpact.DashboardTest@2cf3d63b]" started-at="2025-07-18T17:02:32 IST" name="dashboardTest2" finished-at="2025-07-18T17:02:34 IST" duration-ms="2358" status="PASS">
          <reporter-output>
          </reporter-output>
        </test-method> <!-- dashboardTest2 -->
        <test-method signature="dashboardTest3()[pri:0, instance:com.charitableimpact.DashboardTest@2cf3d63b]" started-at="2025-07-18T17:02:34 IST" name="dashboardTest3" finished-at="2025-07-18T17:02:37 IST" duration-ms="2349" status="PASS">
          <reporter-output>
          </reporter-output>
        </test-method> <!-- dashboardTest3 -->
        <test-method is-config="true" signature="tearDown()[pri:0, instance:com.charitableimpact.DashboardTest@2cf3d63b]" started-at="2025-07-18T17:02:37 IST" name="tearDown" finished-at="2025-07-18T17:02:37 IST" duration-ms="73" status="PASS">
          <reporter-output>
          </reporter-output>
        </test-method> <!-- tearDown -->
      </class> <!-- com.charitableimpact.DashboardTest -->
      <class name="com.charitableimpact.DashboardPageTest">
        <test-method is-config="true" signature="setUp()[pri:0, instance:com.charitableimpact.DashboardPageTest@78e4deb0]" started-at="2025-07-18T17:02:17 IST" name="setUp" finished-at="2025-07-18T17:02:17 IST" duration-ms="10" status="PASS">
          <reporter-output>
          </reporter-output>
        </test-method> <!-- setUp -->
        <test-method signature="testDashboardElement1()[pri:0, instance:com.charitableimpact.DashboardPageTest@78e4deb0]" started-at="2025-07-18T17:02:17 IST" name="testDashboardElement1" finished-at="2025-07-18T17:02:17 IST" duration-ms="9" status="PASS">
          <reporter-output>
          </reporter-output>
        </test-method> <!-- testDashboardElement1 -->
        <test-method signature="testDashboardElement2()[pri:0, instance:com.charitableimpact.DashboardPageTest@78e4deb0]" started-at="2025-07-18T17:02:17 IST" name="testDashboardElement2" finished-at="2025-07-18T17:02:17 IST" duration-ms="2" status="PASS">
          <reporter-output>
          </reporter-output>
        </test-method> <!-- testDashboardElement2 -->
        <test-method signature="testDashboardElement3()[pri:0, instance:com.charitableimpact.DashboardPageTest@78e4deb0]" started-at="2025-07-18T17:02:17 IST" name="testDashboardElement3" finished-at="2025-07-18T17:02:17 IST" duration-ms="0" status="PASS">
          <reporter-output>
          </reporter-output>
        </test-method> <!-- testDashboardElement3 -->
      </class> <!-- com.charitableimpact.DashboardPageTest -->
      <class name="com.charitableimpact.LoginTest">
        <test-method is-config="true" signature="setup()[pri:0, instance:com.charitableimpact.LoginTest@8f2ef19]" started-at="2025-07-18T17:02:17 IST" name="setup" finished-at="2025-07-18T17:02:18 IST" duration-ms="1216" status="PASS">
          <reporter-output>
          </reporter-output>
        </test-method> <!-- setup -->
        <test-method signature="loginTest()[pri:0, instance:com.charitableimpact.LoginTest@8f2ef19]" started-at="2025-07-18T17:02:18 IST" name="loginTest" finished-at="2025-07-18T17:02:25 IST" duration-ms="6681" status="FAIL">
          <exception class="org.openqa.selenium.NoSuchElementException">
            <message>
              <![CDATA[no such element: Unable to locate element: {"method":"css selector","selector":"#\31 \-email"}
  (Session info: chrome=137.0.7151.55)
For documentation on this error, please visit: https://www.selenium.dev/documentation/webdriver/troubleshooting/errors#no-such-element-exception
Build info: version: '4.21.0', revision: '79ed462ef4'
System info: os.name: 'Linux', os.arch: 'amd64', os.version: '6.11.0-29-generic', java.version: '17.0.15'
Driver info: org.openqa.selenium.chrome.ChromeDriver
Command: [e26f1415d7202cb6efbc14306288624f, findElement {using=id, value=1-email}]
Capabilities {acceptInsecureCerts: false, browserName: chrome, browserVersion: 137.0.7151.55, chrome: {chromedriverVersion: 137.0.7151.119 (e0ac9d12dff..., userDataDir: /tmp/.org.chromium.Chromium...}, fedcm:accounts: true, goog:chromeOptions: {debuggerAddress: localhost:41461}, networkConnectionEnabled: false, pageLoadStrategy: normal, platformName: linux, proxy: Proxy(), se:cdp: ws://localhost:41461/devtoo..., se:cdpVersion: 137.0.7151.55, setWindowRect: true, strictFileInteractability: false, timeouts: {implicit: 0, pageLoad: 300000, script: 30000}, unhandledPromptBehavior: dismiss and notify, webauthn:extension:credBlob: true, webauthn:extension:largeBlob: true, webauthn:extension:minPinLength: true, webauthn:extension:prf: true, webauthn:virtualAuthenticators: true}
Session ID: e26f1415d7202cb6efbc14306288624f]]>
            </message>
            <full-stacktrace>
              <![CDATA[org.openqa.selenium.NoSuchElementException: no such element: Unable to locate element: {"method":"css selector","selector":"#\31 \-email"}
  (Session info: chrome=137.0.7151.55)
For documentation on this error, please visit: https://www.selenium.dev/documentation/webdriver/troubleshooting/errors#no-such-element-exception
Build info: version: '4.21.0', revision: '79ed462ef4'
System info: os.name: 'Linux', os.arch: 'amd64', os.version: '6.11.0-29-generic', java.version: '17.0.15'
Driver info: org.openqa.selenium.chrome.ChromeDriver
Command: [e26f1415d7202cb6efbc14306288624f, findElement {using=id, value=1-email}]
Capabilities {acceptInsecureCerts: false, browserName: chrome, browserVersion: 137.0.7151.55, chrome: {chromedriverVersion: 137.0.7151.119 (e0ac9d12dff..., userDataDir: /tmp/.org.chromium.Chromium...}, fedcm:accounts: true, goog:chromeOptions: {debuggerAddress: localhost:41461}, networkConnectionEnabled: false, pageLoadStrategy: normal, platformName: linux, proxy: Proxy(), se:cdp: ws://localhost:41461/devtoo..., se:cdpVersion: 137.0.7151.55, setWindowRect: true, strictFileInteractability: false, timeouts: {implicit: 0, pageLoad: 300000, script: 30000}, unhandledPromptBehavior: dismiss and notify, webauthn:extension:credBlob: true, webauthn:extension:largeBlob: true, webauthn:extension:minPinLength: true, webauthn:extension:prf: true, webauthn:virtualAuthenticators: true}
Session ID: e26f1415d7202cb6efbc14306288624f
at java.base/jdk.internal.reflect.NativeConstructorAccessorImpl.newInstance0(Native Method)
at java.base/jdk.internal.reflect.NativeConstructorAccessorImpl.newInstance(NativeConstructorAccessorImpl.java:77)
at java.base/jdk.internal.reflect.DelegatingConstructorAccessorImpl.newInstance(DelegatingConstructorAccessorImpl.java:45)
at java.base/java.lang.reflect.Constructor.newInstanceWithCaller(Constructor.java:500)
at java.base/java.lang.reflect.Constructor.newInstance(Constructor.java:481)
at org.openqa.selenium.remote.ErrorCodec.decode(ErrorCodec.java:167)
at org.openqa.selenium.remote.codec.w3c.W3CHttpResponseCodec.decode(W3CHttpResponseCodec.java:138)
at org.openqa.selenium.remote.codec.w3c.W3CHttpResponseCodec.decode(W3CHttpResponseCodec.java:50)
at org.openqa.selenium.remote.HttpCommandExecutor.execute(HttpCommandExecutor.java:190)
at org.openqa.selenium.remote.service.DriverCommandExecutor.invokeExecute(DriverCommandExecutor.java:216)
at org.openqa.selenium.remote.service.DriverCommandExecutor.execute(DriverCommandExecutor.java:174)
at org.openqa.selenium.remote.RemoteWebDriver.execute(RemoteWebDriver.java:518)
at org.openqa.selenium.remote.ElementLocation$ElementFinder$2.findElement(ElementLocation.java:165)
at org.openqa.selenium.remote.ElementLocation.findElement(ElementLocation.java:66)
at org.openqa.selenium.remote.RemoteWebDriver.findElement(RemoteWebDriver.java:355)
at org.openqa.selenium.remote.RemoteWebDriver.findElement(RemoteWebDriver.java:349)
at org.openqa.selenium.support.pagefactory.DefaultElementLocator.findElement(DefaultElementLocator.java:68)
at org.openqa.selenium.support.pagefactory.internal.LocatingElementHandler.invoke(LocatingElementHandler.java:38)
at jdk.proxy2/jdk.proxy2.$Proxy11.sendKeys(Unknown Source)
at com.charitableimpact.LoginPage.enterEmail(LoginPage.java:37)
at com.charitableimpact.LoginTest.loginTest(LoginTest.java:50)
at java.base/jdk.internal.reflect.NativeMethodAccessorImpl.invoke0(Native Method)
at java.base/jdk.internal.reflect.NativeMethodAccessorImpl.invoke(NativeMethodAccessorImpl.java:77)
at java.base/jdk.internal.reflect.DelegatingMethodAccessorImpl.invoke(DelegatingMethodAccessorImpl.java:43)
at java.base/java.lang.reflect.Method.invoke(Method.java:569)
at org.testng.internal.invokers.MethodInvocationHelper.invokeMethod(MethodInvocationHelper.java:141)
at org.testng.internal.invokers.TestInvoker.invokeMethod(TestInvoker.java:686)
at org.testng.internal.invokers.TestInvoker.invokeTestMethod(TestInvoker.java:230)
at org.testng.internal.invokers.MethodRunner.runInSequence(MethodRunner.java:63)
at org.testng.internal.invokers.TestInvoker$MethodInvocationAgent.invoke(TestInvoker.java:992)
at org.testng.internal.invokers.TestInvoker.invokeTestMethods(TestInvoker.java:203)
at org.testng.internal.invokers.TestMethodWorker.invokeTestMethods(TestMethodWorker.java:154)
at org.testng.internal.invokers.TestMethodWorker.run(TestMethodWorker.java:134)
at java.base/java.util.ArrayList.forEach(ArrayList.java:1511)
at org.testng.TestRunner.privateRun(TestRunner.java:739)
at org.testng.TestRunner.run(TestRunner.java:614)
at org.testng.SuiteRunner.runTest(SuiteRunner.java:421)
at org.testng.SuiteRunner.runSequentially(SuiteRunner.java:413)
at org.testng.SuiteRunner.privateRun(SuiteRunner.java:373)
at org.testng.SuiteRunner.run(SuiteRunner.java:312)
at org.testng.SuiteRunnerWorker.runSuite(SuiteRunnerWorker.java:52)
at org.testng.SuiteRunnerWorker.run(SuiteRunnerWorker.java:95)
at org.testng.TestNG.runSuitesSequentially(TestNG.java:1274)
at org.testng.TestNG.runSuitesLocally(TestNG.java:1208)
at org.testng.TestNG.runSuites(TestNG.java:1112)
at org.testng.TestNG.run(TestNG.java:1079)
at org.apache.maven.surefire.testng.TestNGExecutor.run(TestNGExecutor.java:308)
at org.apache.maven.surefire.testng.TestNGXmlTestSuite.execute(TestNGXmlTestSuite.java:71)
at org.apache.maven.surefire.testng.TestNGProvider.invoke(TestNGProvider.java:113)
at org.apache.maven.surefire.booter.ForkedBooter.runSuitesInProcess(ForkedBooter.java:385)
at org.apache.maven.surefire.booter.ForkedBooter.execute(ForkedBooter.java:162)
at org.apache.maven.surefire.booter.ForkedBooter.run(ForkedBooter.java:507)
at org.apache.maven.surefire.booter.ForkedBooter.main(ForkedBooter.java:495)
]]>
            </full-stacktrace>
          </exception> <!-- org.openqa.selenium.NoSuchElementException -->
          <reporter-output>
          </reporter-output>
        </test-method> <!-- loginTest -->
        <test-method is-config="true" signature="tearDown()[pri:0, instance:com.charitableimpact.LoginTest@8f2ef19]" started-at="2025-07-18T17:02:25 IST" name="tearDown" finished-at="2025-07-18T17:02:25 IST" duration-ms="76" status="PASS">
          <reporter-output>
          </reporter-output>
        </test-method> <!-- tearDown -->
      </class> <!-- com.charitableimpact.LoginTest -->
      <class name="com.charitableimpact.LoginPageTest">
        <test-method signature="testLogin()[pri:0, instance:com.charitableimpact.LoginPageTest@470734c3]" started-at="2025-07-18T17:02:25 IST" name="testLogin" finished-at="2025-07-18T17:02:25 IST" duration-ms="1" status="PASS">
          <reporter-output>
          </reporter-output>
        </test-method> <!-- testLogin -->
        <test-method is-config="true" signature="setUp()[pri:0, instance:com.charitableimpact.LoginPageTest@470734c3]" started-at="2025-07-18T17:02:25 IST" name="setUp" finished-at="2025-07-18T17:02:25 IST" duration-ms="0" status="PASS">
          <reporter-output>
          </reporter-output>
        </test-method> <!-- setUp -->
      </class> <!-- com.charitableimpact.LoginPageTest -->
    </test> <!-- All Tests -->
  </suite> <!-- Test Suite -->
</testng-results>
